TN:
SF:src/App.tsx
FN:1,(empty-report)
FNF:1
FNH:0
FNDA:0,(empty-report)
DA:1,0
DA:2,0
DA:3,0
DA:4,0
DA:5,0
DA:6,0
DA:7,0
DA:8,0
DA:9,0
DA:10,0
DA:11,0
DA:12,0
DA:13,0
DA:14,0
DA:15,0
DA:16,0
DA:17,0
DA:18,0
DA:19,0
DA:20,0
DA:21,0
DA:22,0
DA:23,0
DA:24,0
DA:25,0
DA:26,0
DA:27,0
DA:28,0
DA:29,0
DA:30,0
DA:31,0
DA:32,0
DA:33,0
DA:34,0
DA:35,0
DA:36,0
DA:37,0
DA:38,0
DA:39,0
DA:40,0
DA:41,0
DA:42,0
DA:43,0
DA:44,0
DA:45,0
DA:46,0
DA:47,0
DA:48,0
DA:49,0
DA:50,0
DA:51,0
LF:51
LH:0
BRDA:1,0,0,0
BRF:1
BRH:0
end_of_record
TN:
SF:src/main.tsx
FN:1,(empty-report)
FNF:1
FNH:0
FNDA:0,(empty-report)
DA:1,0
DA:2,0
DA:3,0
DA:4,0
DA:5,0
DA:6,0
DA:7,0
DA:8,0
DA:9,0
DA:10,0
LF:10
LH:0
BRDA:1,0,0,0
BRF:1
BRH:0
end_of_record
TN:
SF:src/vite-env.d.ts
FN:1,(empty-report)
FNF:1
FNH:0
FNDA:0,(empty-report)
DA:1,0
DA:2,0
DA:3,0
DA:4,0
DA:5,0
DA:6,0
DA:7,0
DA:8,0
DA:9,0
DA:10,0
DA:11,0
DA:12,0
DA:13,0
DA:14,0
DA:15,0
DA:16,0
DA:17,0
DA:18,0
DA:19,0
DA:20,0
DA:21,0
LF:21
LH:0
BRDA:1,0,0,0
BRF:1
BRH:0
end_of_record
TN:
SF:src/api/api.ts
FN:5,handleResponse
FN:14,fetchTasks
FN:19,createTask
FN:28,updateTask
FN:37,bulkUpdateTasks
FN:46,deleteTask
FN:53,bulkDeleteTasks
FN:62,fetchUsers
FN:67,fetchComments
FN:72,createComment
FNF:10
FNH:0
FNDA:0,handleResponse
FNDA:0,fetchTasks
FNDA:0,createTask
FNDA:0,updateTask
FNDA:0,bulkUpdateTasks
FNDA:0,deleteTask
FNDA:0,bulkDeleteTasks
FNDA:0,fetchUsers
FNDA:0,fetchComments
FNDA:0,createComment
DA:1,1
DA:2,1
DA:3,1
DA:4,1
DA:5,0
DA:6,0
DA:7,0
DA:8,0
DA:9,0
DA:10,0
DA:11,0
DA:12,1
DA:13,1
DA:14,1
DA:15,0
DA:16,0
DA:17,0
DA:18,1
DA:19,1
DA:20,0
DA:21,0
DA:22,0
DA:23,0
DA:24,0
DA:25,0
DA:26,0
DA:27,1
DA:28,1
DA:29,0
DA:30,0
DA:31,0
DA:32,0
DA:33,0
DA:34,0
DA:35,0
DA:36,1
DA:37,1
DA:38,0
DA:39,0
DA:40,0
DA:41,0
DA:42,0
DA:43,0
DA:44,0
DA:45,1
DA:46,1
DA:47,0
DA:48,0
DA:49,0
DA:50,0
DA:51,0
DA:52,1
DA:53,1
DA:54,0
DA:55,0
DA:56,0
DA:57,0
DA:58,0
DA:59,0
DA:60,0
DA:61,1
DA:62,1
DA:63,0
DA:64,0
DA:65,0
DA:66,1
DA:67,1
DA:68,0
DA:69,0
DA:70,0
DA:71,1
DA:72,1
DA:73,0
DA:74,0
DA:75,0
DA:76,0
DA:77,0
DA:78,0
DA:79,0
DA:80,1
LF:80
LH:24
BRF:0
BRH:0
end_of_record
TN:
SF:src/components/BulkActions/BulkActions.tsx
FN:10,BulkActionsComponent
FNF:1
FNH:1
FNDA:27,BulkActionsComponent
DA:1,1
DA:2,1
DA:3,1
DA:4,1
DA:5,1
DA:6,1
DA:7,1
DA:8,1
DA:9,1
DA:10,1
DA:11,27
DA:12,27
DA:13,27
DA:14,27
DA:15,27
DA:16,27
DA:17,27
DA:18,27
DA:19,27
DA:20,27
DA:21,27
DA:22,24
DA:23,24
DA:24,24
DA:25,27
DA:26,27
DA:27,27
DA:28,27
DA:29,0
DA:30,27
DA:31,27
DA:32,27
DA:33,1
DA:34,27
DA:35,27
DA:36,27
DA:37,2
DA:38,2
DA:39,2
DA:40,2
DA:41,2
DA:42,2
DA:43,2
DA:44,2
DA:45,0
DA:46,0
DA:47,0
DA:48,2
DA:49,2
DA:50,2
DA:51,2
DA:52,2
DA:53,2
DA:54,2
DA:55,2
DA:56,2
DA:57,2
DA:58,2
DA:59,2
DA:60,2
DA:61,27
DA:62,27
DA:63,27
DA:64,1
DA:65,1
DA:66,1
DA:67,1
DA:68,1
DA:69,1
DA:70,1
DA:71,1
DA:72,0
DA:73,0
DA:74,1
DA:75,1
DA:76,1
DA:77,0
DA:78,0
DA:79,0
DA:80,0
DA:81,1
DA:82,1
DA:83,1
DA:84,1
DA:85,0
DA:86,0
DA:87,0
DA:88,0
DA:89,0
DA:90,1
DA:91,1
DA:92,27
DA:93,27
DA:94,27
DA:95,27
DA:96,27
DA:97,27
DA:98,27
DA:99,27
DA:100,27
DA:101,27
DA:102,27
DA:103,27
DA:104,27
DA:105,27
DA:106,27
DA:107,7
DA:108,7
DA:109,7
DA:110,7
DA:111,7
DA:112,7
DA:113,7
DA:114,7
DA:115,7
DA:116,7
DA:117,7
DA:118,7
DA:119,7
DA:120,7
DA:121,7
DA:122,7
DA:123,7
DA:124,7
DA:125,7
DA:126,7
DA:127,27
DA:128,27
DA:129,27
DA:130,27
DA:131,1
DA:132,1
LF:132
LH:117
BRDA:10,0,0,27
BRDA:104,1,0,25
BRDA:104,2,0,0
BRDA:106,3,0,7
BRDA:21,4,0,24
BRDA:23,5,0,60
BRDA:32,6,0,1
BRDA:36,7,0,2
BRDA:44,8,0,0
BRDA:48,9,0,0
BRDA:52,10,0,0
BRDA:53,11,0,0
BRDA:54,12,0,0
BRDA:37,13,0,4
BRDA:38,14,0,4
BRDA:39,15,0,2
BRDA:58,16,0,2
BRDA:59,17,0,1
BRDA:63,18,0,1
BRDA:76,19,0,0
BRDA:84,20,0,0
BRDA:66,21,0,1
BRDA:67,22,0,0
BRDA:71,23,0,0
BRDA:74,24,0,1
BRF:25
BRH:15
end_of_record
TN:
SF:src/components/NotificationManager/NotificationManager.tsx
FN:18,confirm
FN:26,error
FN:32,success
FN:39,NotificationManager
FN:43,handleEvent
FN:62,handleAction
FN:104,onClick
FN:111,onClick
FNF:8
FNH:6
FNDA:0,confirm
FNDA:4,error
FNDA:1,success
FNDA:8,NotificationManager
FNDA:2,handleEvent
FNDA:1,handleAction
FNDA:0,onClick
FNDA:1,onClick
DA:1,1
DA:2,1
DA:3,1
DA:4,1
DA:5,1
DA:6,1
DA:7,1
DA:8,1
DA:9,1
DA:10,1
DA:11,1
DA:12,1
DA:13,1
DA:14,1
DA:15,1
DA:16,1
DA:17,1
DA:18,1
DA:19,0
DA:20,0
DA:21,0
DA:22,0
DA:23,0
DA:24,0
DA:25,1
DA:26,1
DA:27,4
DA:28,4
DA:29,4
DA:30,4
DA:31,1
DA:32,1
DA:33,1
DA:34,1
DA:35,1
DA:36,1
DA:37,1
DA:38,1
DA:39,1
DA:40,8
DA:41,8
DA:42,8
DA:43,3
DA:44,2
DA:45,2
DA:46,2
DA:47,2
DA:48,2
DA:49,1
DA:50,1
DA:51,1
DA:52,1
DA:53,2
DA:54,3
DA:55,3
DA:56,3
DA:57,8
DA:58,8
DA:59,8
DA:60,8
DA:61,8
DA:62,8
DA:63,1
DA:64,1
DA:65,1
DA:66,8
DA:67,8
DA:68,8
DA:69,8
DA:70,1
DA:71,1
DA:72,1
DA:73,1
DA:74,1
DA:75,1
DA:76,1
DA:77,1
DA:78,8
DA:79,8
DA:80,8
DA:81,1
DA:82,1
DA:83,1
DA:84,1
DA:85,1
DA:86,1
DA:87,1
DA:88,1
DA:89,1
DA:90,1
DA:91,1
DA:92,1
DA:93,1
DA:94,1
DA:95,1
DA:96,1
DA:97,0
DA:98,0
DA:99,1
DA:100,1
DA:101,1
DA:102,1
DA:103,0
DA:104,0
DA:105,0
DA:106,0
DA:107,0
DA:108,0
DA:109,1
DA:110,1
DA:111,1
DA:112,1
DA:113,1
DA:114,1
DA:115,1
DA:116,1
DA:117,1
DA:118,1
DA:119,1
DA:120,1
DA:121,8
DA:122,8
DA:123,8
DA:124,8
LF:124
LH:110
BRDA:26,0,0,4
BRDA:32,1,0,1
BRDA:39,2,0,8
BRDA:69,3,0,1
BRDA:42,4,0,3
BRDA:43,5,0,2
BRDA:48,6,0,1
BRDA:46,7,0,2
BRDA:49,8,0,1
BRDA:50,9,0,1
BRDA:50,10,0,1
BRDA:56,11,0,3
BRDA:59,12,0,2
BRDA:60,13,0,2
BRDA:62,14,0,1
BRDA:63,15,0,0
BRDA:64,16,0,1
BRDA:64,17,0,1
BRDA:71,18,0,1
BRDA:80,19,0,1
BRDA:82,20,0,0
BRDA:89,21,0,0
BRDA:96,22,0,0
BRDA:102,23,0,0
BRDA:115,24,0,0
BRDA:95,25,0,2
BRDA:111,26,0,1
BRF:27
BRH:21
end_of_record
TN:
SF:src/components/NotificationManager/index.ts
FNF:0
FNH:0
DA:1,1
LF:1
LH:1
BRF:0
BRH:0
end_of_record
TN:
SF:src/components/TaskCard/TaskCard.tsx
FN:24,TaskCardComponent
FNF:1
FNH:1
FNDA:40,TaskCardComponent
DA:1,1
DA:2,1
DA:3,1
DA:4,1
DA:5,1
DA:6,1
DA:7,1
DA:8,1
DA:9,1
DA:10,1
DA:11,1
DA:12,1
DA:13,1
DA:14,1
DA:15,1
DA:16,1
DA:17,1
DA:18,1
DA:19,1
DA:20,1
DA:21,1
DA:22,1
DA:23,1
DA:24,40
DA:25,40
DA:26,40
DA:27,40
DA:28,40
DA:29,40
DA:30,40
DA:31,40
DA:32,0
DA:33,0
DA:34,0
DA:35,0
DA:36,40
DA:37,40
DA:38,40
DA:39,0
DA:40,0
DA:41,0
DA:42,40
DA:43,40
DA:44,40
DA:45,0
DA:46,0
DA:47,0
DA:48,0
DA:49,0
DA:50,0
DA:51,0
DA:52,0
DA:53,0
DA:54,0
DA:55,0
DA:56,40
DA:57,40
DA:58,40
DA:59,0
DA:60,40
DA:61,40
DA:62,40
DA:63,0
DA:64,40
DA:65,40
DA:66,40
DA:67,40
DA:68,40
DA:69,40
DA:70,40
DA:71,40
DA:72,40
DA:73,40
DA:74,40
DA:75,40
DA:76,40
DA:77,40
DA:78,40
DA:79,40
DA:80,40
DA:81,40
DA:82,40
DA:83,40
DA:84,40
DA:85,40
DA:86,40
DA:87,40
DA:88,40
DA:89,40
DA:90,40
DA:91,40
DA:92,40
DA:93,40
DA:94,40
DA:95,40
DA:96,40
DA:97,29
DA:98,29
DA:99,29
DA:100,29
DA:101,40
DA:102,40
DA:103,40
DA:104,40
DA:105,40
DA:106,40
DA:107,40
DA:108,40
DA:109,40
DA:110,40
DA:111,40
DA:112,40
DA:113,40
DA:114,40
DA:115,40
DA:116,40
DA:117,40
DA:118,40
DA:119,40
DA:120,40
DA:121,40
DA:122,40
DA:123,1
DA:124,1
LF:124
LH:104
BRDA:24,0,0,40
BRDA:67,1,0,0
BRDA:96,2,0,29
BRDA:104,3,0,0
BRDA:116,4,0,0
BRDA:118,5,0,0
BRF:6
BRH:2
end_of_record
TN:
SF:src/components/TaskComments/TaskComments.tsx
FN:13,formatTimestamp
FN:24,TaskComments
FN:66,handleAddComment
FN:119,onChange
FNF:4
FNH:4
FNDA:3,formatTimestamp
FNDA:40,TaskComments
FNDA:1,handleAddComment
FNDA:11,onChange
DA:1,1
DA:2,1
DA:3,1
DA:4,1
DA:5,1
DA:6,1
DA:7,1
DA:8,1
DA:9,1
DA:10,1
DA:11,1
DA:12,1
DA:13,1
DA:14,3
DA:15,3
DA:16,3
DA:17,3
DA:18,3
DA:19,3
DA:20,3
DA:21,3
DA:22,3
DA:23,1
DA:24,1
DA:25,40
DA:26,40
DA:27,40
DA:28,40
DA:29,40
DA:30,40
DA:31,40
DA:32,40
DA:33,9
DA:34,40
DA:35,40
DA:36,40
DA:37,40
DA:38,40
DA:39,9
DA:40,9
DA:41,9
DA:42,9
DA:43,7
DA:44,7
DA:45,7
DA:46,9
DA:47,1
DA:48,1
DA:49,1
DA:50,9
DA:51,8
DA:52,8
DA:53,8
DA:54,8
DA:55,40
DA:56,40
DA:57,40
DA:58,9
DA:59,9
DA:60,9
DA:61,9
DA:62,9
DA:63,9
DA:64,40
DA:65,40
DA:66,40
DA:67,1
DA:68,1
DA:69,1
DA:70,1
DA:71,1
DA:72,1
DA:73,1
DA:74,1
DA:75,1
DA:76,1
DA:77,1
DA:78,1
DA:79,0
DA:80,0
DA:81,0
DA:82,1
DA:83,1
DA:84,1
DA:85,1
DA:86,1
DA:87,1
DA:88,40
DA:89,40
DA:90,40
DA:91,40
DA:92,40
DA:93,40
DA:94,40
DA:95,40
DA:96,9
DA:97,30
DA:98,30
DA:99,30
DA:100,27
DA:101,3
DA:102,3
DA:103,3
DA:104,3
DA:105,3
DA:106,3
DA:107,3
DA:108,3
DA:109,3
DA:110,3
DA:111,3
DA:112,30
DA:113,30
DA:114,40
DA:115,40
DA:116,40
DA:117,40
DA:118,40
DA:119,40
DA:120,40
DA:121,40
DA:122,40
DA:123,40
DA:124,40
DA:125,40
DA:126,40
DA:127,40
DA:128,40
DA:129,40
DA:130,40
DA:131,40
DA:132,40
DA:133,40
DA:134,40
DA:135,40
LF:135
LH:132
BRDA:13,0,0,3
BRDA:24,1,0,40
BRDA:93,2,0,1
BRDA:95,3,0,9
BRDA:96,4,0,30
BRDA:99,5,0,27
BRDA:100,6,0,3
BRDA:120,7,0,1
BRDA:120,8,0,38
BRDA:123,9,0,38
BRDA:128,10,0,38
BRDA:130,11,0,1
BRDA:130,12,0,38
BRDA:32,13,0,9
BRDA:33,14,0,9
BRDA:38,15,0,9
BRDA:42,16,0,7
BRDA:46,17,0,1
BRDA:48,18,0,0
BRDA:50,19,0,8
BRDA:57,20,0,9
BRDA:61,21,0,9
BRDA:66,22,0,1
BRDA:68,23,0,0
BRDA:78,24,0,0
BRDA:75,25,0,1
BRDA:102,26,0,3
BRDA:103,27,0,0
BRDA:119,28,0,11
BRF:29
BRH:25
end_of_record
TN:
SF:src/components/TaskDueDate/TaskDueDate.tsx
FN:9,TaskDueDate
FN:53,formatDueDate
FNF:2
FNH:2
FNDA:45,TaskDueDate
FNDA:3,formatDueDate
DA:1,1
DA:2,1
DA:3,1
DA:4,1
DA:5,1
DA:6,1
DA:7,1
DA:8,1
DA:9,1
DA:10,45
DA:11,45
DA:12,42
DA:13,42
DA:14,3
DA:15,3
DA:16,3
DA:17,3
DA:18,3
DA:19,3
DA:20,3
DA:21,3
DA:22,3
DA:23,3
DA:24,3
DA:25,3
DA:26,5
DA:27,2
DA:28,2
DA:29,1
DA:30,5
DA:31,0
DA:32,0
DA:33,5
DA:34,0
DA:35,0
DA:36,45
DA:37,0
DA:38,0
DA:39,1
DA:40,1
DA:41,1
DA:42,0
DA:43,0
DA:44,0
DA:45,0
DA:46,45
DA:47,45
DA:48,45
DA:49,45
DA:50,45
DA:51,45
DA:52,1
DA:53,3
DA:54,3
DA:55,3
DA:56,3
DA:57,3
DA:58,3
DA:59,3
DA:60,3
LF:60
LH:50
BRDA:9,0,0,45
BRDA:10,1,0,45
BRDA:11,2,0,42
BRDA:13,3,0,5
BRDA:13,4,0,3
BRDA:26,5,0,2
BRDA:28,6,0,1
BRDA:30,7,0,0
BRDA:32,8,0,1
BRDA:33,9,0,0
BRDA:35,10,0,1
BRDA:36,11,0,5
BRDA:36,12,0,0
BRDA:38,13,0,1
BRDA:41,14,0,0
BRDA:46,15,0,0
BRDA:53,16,0,3
BRF:17
BRH:12
end_of_record
TN:
SF:src/components/TaskFilter/TaskFilter.tsx
FN:16,TaskFilter
FN:74,onClick
FNF:2
FNH:2
FNDA:15,TaskFilter
FNDA:1,onClick
DA:1,1
DA:2,1
DA:3,1
DA:4,1
DA:5,1
DA:6,1
DA:7,1
DA:8,1
DA:9,1
DA:10,1
DA:11,1
DA:12,1
DA:13,1
DA:14,1
DA:15,1
DA:16,1
DA:17,15
DA:18,15
DA:19,15
DA:20,15
DA:21,15
DA:22,15
DA:23,15
DA:24,14
DA:25,1
DA:26,1
DA:27,1
DA:28,14
DA:29,14
DA:30,15
DA:31,15
DA:32,15
DA:33,15
DA:34,1
DA:35,0
DA:36,0
DA:37,1
DA:38,1
DA:39,15
DA:40,15
DA:41,15
DA:42,15
DA:43,15
DA:44,15
DA:45,15
DA:46,15
DA:47,15
DA:48,15
DA:49,15
DA:50,15
DA:51,15
DA:52,15
DA:53,15
DA:54,15
DA:55,15
DA:56,15
DA:57,15
DA:58,15
DA:59,15
DA:60,15
DA:61,15
DA:62,15
DA:63,15
DA:64,15
DA:65,15
DA:66,15
DA:67,15
DA:68,15
DA:69,15
DA:70,98
DA:71,98
DA:72,98
DA:73,98
DA:74,98
DA:75,98
DA:76,98
DA:77,98
DA:78,98
DA:79,98
DA:80,98
DA:81,98
DA:82,98
DA:83,15
DA:84,15
DA:85,15
DA:86,15
DA:87,15
DA:88,15
DA:89,15
DA:90,15
DA:91,15
DA:92,15
DA:93,15
DA:94,15
DA:95,15
DA:96,15
DA:97,14
DA:98,14
DA:99,14
DA:100,15
DA:101,15
DA:102,15
DA:103,15
DA:104,15
DA:105,15
LF:105
LH:103
BRDA:16,0,0,15
BRDA:52,1,0,14
BRDA:52,2,0,0
BRDA:90,3,0,14
BRDA:23,4,0,14
BRDA:24,5,0,1
BRDA:29,6,0,14
BRDA:33,7,0,1
BRDA:34,8,0,0
BRDA:43,9,0,11
BRDA:69,10,0,98
BRDA:75,11,0,14
BRDA:75,12,0,84
BRDA:74,13,0,1
BRDA:96,14,0,14
BRF:15
BRH:13
end_of_record
TN:
SF:src/components/TaskForm/TaskForm.tsx
FN:10,TaskForm
FN:80,handleSubmit
FN:142,onChange
FN:156,onChange
FN:195,onChange
FN:216,onChange
FNF:6
FNH:4
FNDA:91,TaskForm
FNDA:6,handleSubmit
FNDA:40,onChange
FNDA:15,onChange
FNDA:0,onChange
FNDA:0,onChange
DA:1,1
DA:2,1
DA:3,1
DA:4,1
DA:5,1
DA:6,1
DA:7,1
DA:8,1
DA:9,1
DA:10,1
DA:11,91
DA:12,91
DA:13,91
DA:14,91
DA:15,91
DA:16,91
DA:17,91
DA:18,91
DA:19,91
DA:20,91
DA:21,91
DA:22,91
DA:23,91
DA:24,91
DA:25,91
DA:26,91
DA:27,14
DA:28,14
DA:29,14
DA:30,14
DA:31,14
DA:32,14
DA:33,14
DA:34,14
DA:35,14
DA:36,91
DA:37,91
DA:38,91
DA:39,14
DA:40,3
DA:41,3
DA:42,3
DA:43,3
DA:44,3
DA:45,3
DA:46,3
DA:47,3
DA:48,3
DA:49,14
DA:50,11
DA:51,11
DA:52,91
DA:53,91
DA:54,91
DA:55,1
DA:56,1
DA:57,1
DA:58,1
DA:59,1
DA:60,1
DA:61,0
DA:62,0
DA:63,1
DA:64,91
DA:65,91
DA:66,91
DA:67,4
DA:68,4
DA:69,4
DA:70,4
DA:71,2
DA:72,2
DA:73,91
DA:74,91
DA:75,91
DA:76,3
DA:77,3
DA:78,91
DA:79,91
DA:80,91
DA:81,6
DA:82,6
DA:83,6
DA:84,1
DA:85,1
DA:86,1
DA:87,5
DA:88,6
DA:89,2
DA:90,2
DA:91,1
DA:92,1
DA:93,1
DA:94,1
DA:95,1
DA:96,2
DA:97,4
DA:98,6
DA:99,2
DA:100,2
DA:101,2
DA:102,2
DA:103,2
DA:104,2
DA:105,2
DA:106,2
DA:107,2
DA:108,6
DA:109,6
DA:110,6
DA:111,6
DA:112,6
DA:113,1
DA:114,1
DA:115,1
DA:116,1
DA:117,2
DA:118,2
DA:119,6
DA:120,91
DA:121,91
DA:122,14
DA:123,14
DA:124,76
DA:125,76
DA:126,76
DA:127,76
DA:128,76
DA:129,91
DA:130,91
DA:131,91
DA:132,91
DA:133,91
DA:134,91
DA:135,91
DA:136,91
DA:137,91
DA:138,91
DA:139,91
DA:140,91
DA:141,91
DA:142,91
DA:143,91
DA:144,91
DA:145,91
DA:146,91
DA:147,91
DA:148,91
DA:149,91
DA:150,91
DA:151,91
DA:152,91
DA:153,91
DA:154,91
DA:155,91
DA:156,91
DA:157,91
DA:158,91
DA:159,91
DA:160,91
DA:161,91
DA:162,91
DA:163,91
DA:164,91
DA:165,91
DA:166,91
DA:167,91
DA:168,91
DA:169,91
DA:170,91
DA:171,91
DA:172,91
DA:173,91
DA:174,91
DA:175,91
DA:176,91
DA:177,91
DA:178,91
DA:179,91
DA:180,91
DA:181,91
DA:182,91
DA:183,91
DA:184,91
DA:185,91
DA:186,91
DA:187,91
DA:188,91
DA:189,91
DA:190,91
DA:191,91
DA:192,91
DA:193,91
DA:194,91
DA:195,91
DA:196,91
DA:197,91
DA:198,91
DA:199,91
DA:200,91
DA:201,91
DA:202,76
DA:203,76
DA:204,76
DA:205,91
DA:206,91
DA:207,91
DA:208,91
DA:209,91
DA:210,91
DA:211,91
DA:212,91
DA:213,91
DA:214,91
DA:215,91
DA:216,91
DA:217,91
DA:218,91
DA:219,91
DA:220,91
DA:221,91
DA:222,91
DA:223,91
DA:224,91
DA:225,91
DA:226,91
DA:227,91
DA:228,91
DA:229,91
DA:230,91
DA:231,91
DA:232,91
DA:233,91
LF:233
LH:231
BRDA:10,0,0,91
BRDA:121,1,0,14
BRDA:123,2,0,76
BRDA:129,3,0,22
BRDA:129,4,0,54
BRDA:136,5,0,1
BRDA:136,6,0,75
BRDA:145,7,0,1
BRDA:145,8,0,75
BRDA:148,9,0,1
BRDA:164,10,0,1
BRDA:164,11,0,75
BRDA:172,12,0,1
BRDA:190,13,0,2
BRDA:190,14,0,74
BRDA:197,15,0,2
BRDA:197,16,0,74
BRDA:207,17,0,2
BRDA:226,18,0,22
BRDA:226,19,0,54
BRDA:26,20,0,14
BRDA:38,21,0,14
BRDA:39,22,0,3
BRDA:45,23,0,0
BRDA:48,24,0,0
BRDA:49,25,0,11
BRDA:54,26,0,1
BRDA:59,27,0,0
BRDA:60,28,0,0
BRDA:66,29,0,4
BRDA:70,30,0,2
BRDA:75,31,0,3
BRDA:80,32,0,6
BRDA:83,33,0,1
BRDA:86,34,0,5
BRDA:88,35,0,2
BRDA:89,36,0,0
BRDA:90,37,0,1
BRDA:90,38,0,1
BRDA:96,39,0,4
BRDA:98,40,0,3
BRDA:98,41,0,2
BRDA:108,42,0,1
BRDA:109,43,0,2
BRDA:112,44,0,1
BRDA:116,45,0,2
BRDA:142,46,0,40
BRDA:156,47,0,15
BRDA:201,48,0,76
BRF:49
BRH:44
end_of_record
TN:
SF:src/components/TaskList/TaskList.tsx
FN:20,VirtualColumn
FN:32,estimateSize
FN:67,TaskList
FNF:3
FNH:3
FNDA:42,VirtualColumn
FNDA:27,estimateSize
FNDA:47,TaskList
DA:1,1
DA:2,1
DA:3,1
DA:4,1
DA:5,1
DA:6,1
DA:7,1
DA:8,1
DA:9,1
DA:10,1
DA:11,1
DA:12,1
DA:13,1
DA:14,1
DA:15,1
DA:16,1
DA:17,1
DA:18,1
DA:19,1
DA:20,42
DA:21,42
DA:22,42
DA:23,42
DA:24,42
DA:25,42
DA:26,42
DA:27,42
DA:28,42
DA:29,42
DA:30,42
DA:31,42
DA:32,42
DA:33,42
DA:34,42
DA:35,42
DA:36,42
DA:37,42
DA:38,42
DA:39,42
DA:40,42
DA:41,42
DA:42,75
DA:43,75
DA:44,75
DA:45,75
DA:46,75
DA:47,75
DA:48,75
DA:49,75
DA:50,75
DA:51,75
DA:52,75
DA:53,75
DA:54,75
DA:55,75
DA:56,75
DA:57,75
DA:58,75
DA:59,75
DA:60,75
DA:61,75
DA:62,42
DA:63,42
DA:64,42
DA:65,42
DA:66,1
DA:67,1
DA:68,47
DA:69,47
DA:70,47
DA:71,47
DA:72,47
DA:73,47
DA:74,47
DA:75,47
DA:76,47
DA:77,47
DA:78,12
DA:79,12
DA:80,47
DA:81,47
DA:82,47
DA:83,47
DA:84,47
DA:85,47
DA:86,47
DA:87,26
DA:88,13
DA:89,13
DA:90,13
DA:91,26
DA:92,26
DA:93,13
DA:94,13
DA:95,13
DA:96,13
DA:97,0
DA:98,0
DA:99,0
DA:100,0
DA:101,0
DA:102,13
DA:103,13
DA:104,13
DA:105,13
DA:106,13
DA:107,47
DA:108,47
DA:109,47
DA:110,12
DA:111,12
DA:112,0
DA:113,0
DA:114,12
DA:115,47
DA:116,47
DA:117,47
DA:118,47
DA:119,47
DA:120,47
DA:121,47
DA:122,47
DA:123,33
DA:124,33
DA:125,25
DA:126,25
DA:127,63
DA:128,63
DA:129,63
DA:130,63
DA:131,63
DA:132,25
DA:133,25
DA:134,25
DA:135,47
DA:136,47
DA:137,47
DA:138,4
DA:139,4
DA:140,42
DA:141,47
DA:142,2
DA:143,2
DA:144,40
DA:145,40
DA:146,40
DA:147,40
DA:148,7
DA:149,7
DA:150,7
DA:151,33
DA:152,33
DA:153,33
DA:154,33
DA:155,24
DA:156,24
DA:157,24
DA:158,24
DA:159,24
DA:160,24
DA:161,24
DA:162,24
DA:163,24
DA:164,24
DA:165,33
DA:166,33
DA:167,47
DA:168,47
DA:169,47
DA:170,47
LF:170
LH:163
BRDA:20,0,0,42
BRDA:32,1,0,27
BRDA:41,2,0,75
BRDA:43,3,0,0
BRDA:45,4,0,52
BRDA:45,5,0,0
BRDA:45,6,0,23
BRDA:67,7,0,47
BRDA:137,8,0,19
BRDA:137,9,0,4
BRDA:139,10,0,42
BRDA:141,11,0,2
BRDA:143,12,0,40
BRDA:147,13,0,7
BRDA:150,14,0,33
BRDA:154,15,0,24
BRDA:77,16,0,12
BRDA:86,17,0,26
BRDA:87,18,0,13
BRDA:92,19,0,13
BRDA:109,20,0,12
BRDA:110,21,0,12
BRDA:111,22,0,0
BRDA:118,23,0,23
BRDA:122,24,0,33
BRDA:124,25,0,8
BRDA:124,26,0,25
BRDA:123,27,0,59
BRDA:126,28,0,63
BRDA:128,29,0,117
BRDA:128,30,0,18
BRDA:128,31,0,99
BRDA:156,32,0,24
BRF:33
BRH:30
end_of_record
TN:
SF:src/components/TaskStats/TaskStats.tsx
FN:1,(empty-report)
FNF:1
FNH:0
FNDA:0,(empty-report)
DA:1,0
DA:2,0
DA:3,0
DA:4,0
DA:5,0
DA:6,0
DA:7,0
DA:8,0
DA:9,0
DA:10,0
DA:11,0
DA:12,0
DA:13,0
DA:14,0
DA:15,0
DA:16,0
DA:17,0
DA:18,0
DA:19,0
DA:20,0
DA:21,0
DA:22,0
DA:23,0
DA:24,0
DA:25,0
DA:26,0
DA:27,0
DA:28,0
DA:29,0
DA:30,0
DA:31,0
DA:32,0
DA:33,0
DA:34,0
DA:35,0
DA:36,0
DA:37,0
DA:38,0
DA:39,0
DA:40,0
DA:41,0
DA:42,0
DA:43,0
DA:44,0
DA:45,0
DA:46,0
DA:47,0
DA:48,0
DA:49,0
DA:50,0
DA:51,0
DA:52,0
DA:53,0
DA:54,0
DA:55,0
DA:56,0
DA:57,0
LF:57
LH:0
BRDA:1,0,0,0
BRF:1
BRH:0
end_of_record
TN:
SF:src/components/TaskStatusSelect/TaskStatusSelect.tsx
FN:17,TaskStatusSelect
FN:28,handleChange
FNF:2
FNH:2
FNDA:122,TaskStatusSelect
FNDA:2,handleChange
DA:1,1
DA:2,1
DA:3,1
DA:4,1
DA:5,1
DA:6,1
DA:7,1
DA:8,1
DA:9,1
DA:10,1
DA:11,1
DA:12,1
DA:13,1
DA:14,1
DA:15,1
DA:16,1
DA:17,1
DA:18,122
DA:19,122
DA:20,122
DA:21,122
DA:22,122
DA:23,122
DA:24,122
DA:25,122
DA:26,122
DA:27,122
DA:28,122
DA:29,2
DA:30,2
DA:31,2
DA:32,2
DA:33,122
DA:34,122
DA:35,122
DA:36,122
DA:37,122
DA:38,122
DA:39,122
DA:40,122
DA:41,122
DA:42,122
DA:43,122
DA:44,6
DA:45,6
DA:46,6
DA:47,122
DA:48,122
DA:49,366
DA:50,366
DA:51,366
DA:52,122
DA:53,122
DA:54,122
DA:55,122
DA:56,122
DA:57,76
DA:58,76
DA:59,76
DA:60,76
DA:61,76
DA:62,76
DA:63,76
DA:64,76
DA:65,0
DA:66,0
DA:67,0
DA:68,0
DA:69,0
DA:70,0
DA:71,0
DA:72,0
DA:73,46
DA:74,46
DA:75,46
LF:75
LH:67
BRDA:17,0,0,122
BRDA:39,1,0,76
BRDA:39,2,0,46
BRDA:41,3,0,46
BRDA:43,4,0,6
BRDA:56,5,0,76
BRDA:64,6,0,0
BRDA:72,7,0,46
BRDA:28,8,0,2
BRDA:30,9,0,0
BRDA:48,10,0,366
BRF:11
BRH:9
end_of_record
TN:
SF:src/components/TaskStatusSelect/index.ts
FNF:0
FNH:0
DA:1,1
LF:1
LH:1
BRF:0
BRH:0
end_of_record
TN:
SF:src/context/TaskContext.tsx
FN:21,TaskProvider
FN:43,useTaskContext
FNF:2
FNH:2
FNDA:47,TaskProvider
FNDA:151,useTaskContext
DA:1,1
DA:2,1
DA:3,1
DA:4,1
DA:5,1
DA:6,1
DA:7,1
DA:8,1
DA:9,1
DA:10,1
DA:11,1
DA:12,1
DA:13,1
DA:14,1
DA:15,1
DA:16,1
DA:17,1
DA:18,1
DA:19,1
DA:20,1
DA:21,1
DA:22,47
DA:23,47
DA:24,47
DA:25,47
DA:26,45
DA:27,45
DA:28,45
DA:29,47
DA:30,47
DA:31,47
DA:32,47
DA:33,47
DA:34,47
DA:35,47
DA:36,47
DA:37,47
DA:38,47
DA:39,47
DA:40,47
DA:41,47
DA:42,1
DA:43,1
DA:44,151
DA:45,151
DA:46,0
DA:47,0
DA:48,151
DA:49,151
LF:49
LH:47
BRDA:21,0,0,47
BRDA:25,1,0,45
BRDA:43,2,0,151
BRDA:45,3,0,0
BRF:4
BRH:3
end_of_record
TN:
SF:src/hooks/hooks.ts
FN:8,useAppDispatch
FN:12,useAppSelector
FN:16,useTaskActions
FN:59,useUserActions
FNF:4
FNH:4
FNDA:247,useAppDispatch
FNDA:438,useAppSelector
FNDA:201,useTaskActions
FNDA:46,useUserActions
DA:1,1
DA:2,1
DA:3,1
DA:4,1
DA:5,1
DA:6,1
DA:7,1
DA:8,1
DA:9,247
DA:10,247
DA:11,1
DA:12,1
DA:13,438
DA:14,438
DA:15,1
DA:16,1
DA:17,201
DA:18,201
DA:19,201
DA:20,201
DA:21,201
DA:22,201
DA:23,201
DA:24,201
DA:25,201
DA:26,201
DA:27,201
DA:28,201
DA:29,201
DA:30,201
DA:31,201
DA:32,201
DA:33,201
DA:34,201
DA:35,201
DA:36,201
DA:37,201
DA:38,201
DA:39,201
DA:40,201
DA:41,201
DA:42,78
DA:43,78
DA:44,78
DA:45,78
DA:46,78
DA:47,78
DA:48,78
DA:49,78
DA:50,78
DA:51,78
DA:52,78
DA:53,78
DA:54,201
DA:55,201
DA:56,201
DA:57,201
DA:58,1
DA:59,1
DA:60,46
DA:61,46
DA:62,46
DA:63,46
DA:64,46
DA:65,12
DA:66,12
DA:67,46
DA:68,46
DA:69,46
LF:69
LH:69
BRDA:8,0,0,247
BRDA:12,1,0,438
BRDA:16,2,0,201
BRDA:19,3,0,12
BRDA:20,4,0,1
BRDA:22,5,0,1
BRDA:31,6,0,1
BRDA:33,7,0,1
BRDA:35,8,0,1
BRDA:41,9,0,78
BRDA:59,10,0,46
BRDA:61,11,0,12
BRDA:64,12,0,12
BRF:13
BRH:13
end_of_record
TN:
SF:src/selectors/index.ts
FNF:0
FNH:0
DA:1,1
DA:2,1
LF:2
LH:2
BRF:0
BRH:0
end_of_record
TN:
SF:src/selectors/taskSelectors.ts
FN:23,selectTasksState
FN:25,selectTasks
FN:26,selectTasksLoading
FN:27,selectTasksError
FN:29,selectTasksSelectedIds
FN:36,selectRawFilter
FN:39,__vite_ssr_import_0__.createSelector.memoizeOptions.memoizeOptions
FN:66,getGroupWeight
FN:106,__vite_ssr_import_0__.createSelector.memoizeOptions.memoizeOptions
FN:108,tasks.reduce.todo
FNF:10
FNH:10
FNDA:499,selectTasksState
FNDA:100,selectTasks
FNDA:79,selectTasksLoading
FNDA:79,selectTasksError
FNDA:143,selectTasksSelectedIds
FNDA:98,selectRawFilter
FNDA:50,__vite_ssr_import_0__.createSelector.memoizeOptions.memoizeOptions
FNDA:62,getGroupWeight
FNDA:2,__vite_ssr_import_0__.createSelector.memoizeOptions.memoizeOptions
FNDA:10,tasks.reduce.todo
DA:1,1
DA:2,1
DA:3,1
DA:4,1
DA:5,1
DA:6,1
DA:7,1
DA:8,1
DA:9,1
DA:10,1
DA:11,1
DA:12,1
DA:13,1
DA:14,1
DA:15,1
DA:16,1
DA:17,1
DA:18,1
DA:19,1
DA:20,1
DA:21,1
DA:22,1
DA:23,1
DA:24,1
DA:25,1
DA:26,1
DA:27,1
DA:28,1
DA:29,1
DA:30,1
DA:31,1
DA:32,1
DA:33,1
DA:34,1
DA:35,1
DA:36,1
DA:37,1
DA:38,1
DA:39,1
DA:40,1
DA:41,1
DA:42,1
DA:43,1
DA:44,1
DA:45,24
DA:46,24
DA:47,24
DA:48,72
DA:49,12
DA:50,12
DA:51,72
DA:52,7
DA:53,7
DA:54,72
DA:55,7
DA:56,7
DA:57,72
DA:58,0
DA:59,0
DA:60,46
DA:61,24
DA:62,24
DA:63,24
DA:64,24
DA:65,24
DA:66,31
DA:67,62
DA:68,62
DA:69,52
DA:70,52
DA:71,52
DA:72,52
DA:73,62
DA:74,62
DA:75,52
DA:76,52
DA:77,62
DA:78,62
DA:79,31
DA:80,31
DA:81,31
DA:82,31
DA:83,29
DA:84,29
DA:85,2
DA:86,31
DA:87,0
DA:88,0
DA:89,2
DA:90,31
DA:91,31
DA:92,31
DA:93,2
DA:94,2
DA:95,0
DA:96,0
DA:97,24
DA:98,24
DA:99,1
DA:100,1
DA:101,1
DA:102,1
DA:103,1
DA:104,1
DA:105,1
DA:106,1
DA:107,2
DA:108,2
DA:109,10
DA:110,10
DA:111,10
DA:112,10
DA:113,10
DA:114,10
DA:115,10
DA:116,10
DA:117,2
DA:118,2
DA:119,2
DA:120,2
DA:121,1
LF:121
LH:115
BRDA:23,0,0,499
BRDA:25,1,0,100
BRDA:26,2,0,79
BRDA:27,3,0,79
BRDA:29,4,0,143
BRDA:33,5,0,12
BRDA:36,6,0,98
BRDA:39,7,0,50
BRDA:44,8,0,24
BRDA:47,9,0,72
BRDA:48,10,0,21
BRDA:48,11,0,12
BRDA:50,12,0,60
BRDA:51,13,0,10
BRDA:51,14,0,7
BRDA:53,15,0,53
BRDA:54,16,0,11
BRDA:54,17,0,7
BRDA:56,18,0,46
BRDA:57,19,0,2
BRDA:57,20,0,0
BRDA:59,21,0,46
BRDA:65,22,0,31
BRDA:82,23,0,29
BRDA:84,24,0,2
BRDA:86,25,0,13
BRDA:86,26,0,0
BRDA:88,27,0,2
BRDA:90,28,0,0
BRDA:91,29,0,2
BRDA:91,30,0,0
BRDA:92,31,0,13
BRDA:92,32,0,2
BRDA:94,33,0,0
BRDA:66,34,0,62
BRDA:68,35,0,10
BRDA:68,36,0,52
BRDA:73,37,0,0
BRDA:73,38,0,52
BRDA:74,39,0,0
BRDA:74,40,0,52
BRDA:77,41,0,0
BRDA:103,42,0,17
BRDA:103,43,0,39
BRDA:106,44,0,2
BRDA:108,45,0,10
BRF:46
BRH:38
end_of_record
TN:
SF:src/selectors/userSelectors.ts
FN:5,selectUsersState
FN:7,selectUsers
FN:15,__vite_ssr_import_0__.createSelector.memoizeOptions.memoizeOptions
FNF:3
FNH:3
FNDA:122,selectUsersState
FNDA:122,selectUsers
FNDA:6,__vite_ssr_import_0__.createSelector.memoizeOptions.memoizeOptions
DA:1,1
DA:2,1
DA:3,1
DA:4,1
DA:5,1
DA:6,1
DA:7,1
DA:8,1
DA:9,1
DA:10,1
DA:11,1
DA:12,1
DA:13,1
DA:14,1
DA:15,1
DA:16,2
DA:17,2
DA:18,6
DA:19,1
DA:20,1
LF:20
LH:20
BRDA:5,0,0,122
BRDA:7,1,0,122
BRDA:15,2,0,6
BRDA:15,3,0,2
BRF:4
BRH:4
end_of_record
TN:
SF:src/store/store.ts
FN:1,(empty-report)
FNF:1
FNH:0
FNDA:0,(empty-report)
DA:1,0
DA:2,0
DA:3,0
DA:4,0
DA:5,0
DA:6,0
DA:7,0
DA:8,0
DA:9,0
DA:10,0
DA:11,0
DA:12,0
DA:13,0
DA:14,0
DA:15,0
DA:16,0
DA:17,0
DA:18,0
DA:19,0
DA:20,0
DA:21,0
DA:22,0
DA:23,0
DA:24,0
DA:25,0
DA:26,0
DA:27,0
LF:27
LH:0
BRDA:1,0,0,0
BRF:1
BRH:0
end_of_record
TN:
SF:src/store/tasks/taskActions.ts
FNF:0
FNH:0
DA:1,1
DA:2,1
DA:3,1
DA:4,1
DA:5,1
DA:6,1
DA:7,1
DA:8,1
DA:9,1
DA:10,1
DA:11,1
LF:11
LH:11
BRF:0
BRH:0
end_of_record
TN:
SF:src/store/tasks/taskReducer.ts
FN:21,fetchTasksStarted
FN:25,fetchTasksSuccess
FN:29,fetchTasksFailure
FN:33,createTaskStarted
FN:36,createTaskSuccess
FN:40,updateTaskSuccess
FN:46,deleteTaskSuccess
FN:49,setFilter
FN:64,updateTaskStatus
FN:73,toggleTaskSelection
FN:83,selectAllTasks
FN:87,clearSelection
FN:90,bulkUpdateSuccess
FN:100,bulkDeleteSuccess
FN:104,clearError
FNF:15
FNH:6
FNDA:12,fetchTasksStarted
FNDA:11,fetchTasksSuccess
FNDA:1,fetchTasksFailure
FNDA:1,createTaskStarted
FNDA:0,createTaskSuccess
FNDA:0,updateTaskSuccess
FNDA:0,deleteTaskSuccess
FNDA:8,setFilter
FNDA:0,updateTaskStatus
FNDA:0,toggleTaskSelection
FNDA:0,selectAllTasks
FNDA:1,clearSelection
FNDA:0,bulkUpdateSuccess
FNDA:0,bulkDeleteSuccess
FNDA:0,clearError
DA:1,1
DA:2,1
DA:3,1
DA:4,1
DA:5,1
DA:6,1
DA:7,1
DA:8,1
DA:9,1
DA:10,1
DA:11,1
DA:12,1
DA:13,1
DA:14,1
DA:15,1
DA:16,1
DA:17,1
DA:18,1
DA:19,1
DA:20,1
DA:21,1
DA:22,12
DA:23,12
DA:24,12
DA:25,1
DA:26,11
DA:27,11
DA:28,11
DA:29,1
DA:30,1
DA:31,1
DA:32,1
DA:33,1
DA:34,1
DA:35,1
DA:36,1
DA:37,0
DA:38,0
DA:39,0
DA:40,1
DA:41,0
DA:42,0
DA:43,0
DA:44,0
DA:45,0
DA:46,1
DA:47,0
DA:48,0
DA:49,1
DA:50,8
DA:51,8
DA:52,8
DA:53,8
DA:54,8
DA:55,6
DA:56,6
DA:57,8
DA:58,8
DA:59,8
DA:60,0
DA:61,0
DA:62,8
DA:63,8
DA:64,1
DA:65,0
DA:66,0
DA:67,0
DA:68,0
DA:69,0
DA:70,0
DA:71,0
DA:72,1
DA:73,1
DA:74,0
DA:75,0
DA:76,0
DA:77,0
DA:78,0
DA:79,0
DA:80,0
DA:81,0
DA:82,1
DA:83,1
DA:84,0
DA:85,0
DA:86,1
DA:87,1
DA:88,1
DA:89,1
DA:90,1
DA:91,0
DA:92,0
DA:93,0
DA:94,0
DA:95,0
DA:96,0
DA:97,0
DA:98,0
DA:99,0
DA:100,1
DA:101,0
DA:102,0
DA:103,0
DA:104,1
DA:105,0
DA:106,0
DA:107,1
DA:108,1
DA:109,1
DA:110,1
DA:111,1
LF:111
LH:68
BRDA:21,0,0,12
BRDA:25,1,0,11
BRDA:29,2,0,1
BRDA:33,3,0,1
BRDA:49,4,0,8
BRDA:54,5,0,6
BRDA:54,6,0,6
BRDA:59,7,0,0
BRDA:59,8,0,0
BRDA:87,9,0,1
BRF:10
BRH:8
end_of_record
TN:
SF:src/store/tasks/taskSaga.ts
FN:17,fetchTasksSaga
FN:29,createTaskSaga
FN:41,updateTaskSaga
FN:52,deleteTaskSaga
FN:63,bulkUpdateTaskSaga
FN:74,bulkDeleteSaga
FN:85,taskSagas
FNF:7
FNH:4
FNDA:12,fetchTasksSaga
FNDA:1,createTaskSaga
FNDA:1,updateTaskSaga
FNDA:0,deleteTaskSaga
FNDA:0,bulkUpdateTaskSaga
FNDA:0,bulkDeleteSaga
FNDA:22,taskSagas
DA:1,1
DA:2,1
DA:3,1
DA:4,1
DA:5,1
DA:6,1
DA:7,1
DA:8,1
DA:9,1
DA:10,1
DA:11,1
DA:12,1
DA:13,1
DA:14,1
DA:15,1
DA:16,1
DA:17,12
DA:18,12
DA:19,12
DA:20,12
DA:21,11
DA:22,12
DA:23,1
DA:24,1
DA:25,1
DA:26,1
DA:27,12
DA:28,1
DA:29,1
DA:30,1
DA:31,1
DA:32,1
DA:33,1
DA:34,0
DA:35,1
DA:36,1
DA:37,1
DA:38,1
DA:39,1
DA:40,1
DA:41,1
DA:42,1
DA:43,1
DA:44,1
DA:45,0
DA:46,1
DA:47,1
DA:48,1
DA:49,1
DA:50,1
DA:51,1
DA:52,0
DA:53,0
DA:54,0
DA:55,0
DA:56,0
DA:57,0
DA:58,0
DA:59,0
DA:60,0
DA:61,0
DA:62,1
DA:63,0
DA:64,0
DA:65,0
DA:66,0
DA:67,0
DA:68,0
DA:69,0
DA:70,0
DA:71,0
DA:72,0
DA:73,1
DA:74,0
DA:75,0
DA:76,0
DA:77,0
DA:78,0
DA:79,0
DA:80,0
DA:81,0
DA:82,0
DA:83,0
DA:84,1
DA:85,1
DA:86,22
DA:87,22
DA:88,22
DA:89,22
DA:90,22
DA:91,22
DA:92,22
DA:93,22
DA:94,22
LF:94
LH:62
BRDA:17,0,0,12
BRDA:20,1,0,11
BRDA:22,2,0,1
BRDA:23,3,0,0
BRDA:29,4,0,1
BRDA:33,5,0,0
BRDA:36,6,0,0
BRDA:41,7,0,1
BRDA:44,8,0,0
BRDA:47,9,0,0
BRDA:85,10,0,22
BRF:11
BRH:6
end_of_record
TN:
SF:src/store/users/userActions.ts
FNF:0
FNH:0
DA:1,1
DA:2,1
DA:3,1
DA:4,1
DA:5,1
LF:5
LH:5
BRF:0
BRH:0
end_of_record
TN:
SF:src/store/users/userReducer.ts
FN:13,fetchUsersStarted
FN:16,fetchUsersSuccess
FN:20,fetchUsersFailure
FNF:3
FNH:2
FNDA:12,fetchUsersStarted
FNDA:12,fetchUsersSuccess
FNDA:0,fetchUsersFailure
DA:1,1
DA:2,1
DA:3,1
DA:4,1
DA:5,1
DA:6,1
DA:7,1
DA:8,1
DA:9,1
DA:10,1
DA:11,1
DA:12,1
DA:13,1
DA:14,12
DA:15,12
DA:16,1
DA:17,12
DA:18,12
DA:19,12
DA:20,1
DA:21,0
DA:22,0
DA:23,1
DA:24,1
DA:25,1
DA:26,1
DA:27,1
LF:27
LH:25
BRDA:13,0,0,12
BRDA:16,1,0,12
BRF:2
BRH:2
end_of_record
TN:
SF:src/store/users/userSaga.ts
FN:11,fetchUsersSaga
FN:21,userSagas
FNF:2
FNH:2
FNDA:12,fetchUsersSaga
FNDA:22,userSagas
DA:1,1
DA:2,1
DA:3,1
DA:4,1
DA:5,1
DA:6,1
DA:7,1
DA:8,1
DA:9,1
DA:10,1
DA:11,12
DA:12,12
DA:13,12
DA:14,12
DA:15,12
DA:16,12
DA:17,0
DA:18,0
DA:19,12
DA:20,1
DA:21,1
DA:22,22
DA:23,22
LF:23
LH:21
BRDA:11,0,0,12
BRDA:16,1,0,0
BRDA:21,2,0,22
BRF:3
BRH:2
end_of_record
TN:
SF:src/types/types.ts
FN:1,(empty-report)
FNF:1
FNH:0
FNDA:0,(empty-report)
DA:1,0
DA:2,0
DA:3,0
DA:4,0
DA:5,0
DA:6,0
DA:7,0
DA:8,0
DA:9,0
DA:10,0
DA:11,0
DA:12,0
DA:13,0
DA:14,0
DA:15,0
DA:16,0
DA:17,0
DA:18,0
DA:19,0
DA:20,0
DA:21,0
DA:22,0
DA:23,0
DA:24,0
DA:25,0
DA:26,0
DA:27,0
DA:28,0
DA:29,0
DA:30,0
DA:31,0
DA:32,0
DA:33,0
DA:34,0
DA:35,0
DA:36,0
DA:37,0
DA:38,0
DA:39,0
DA:40,0
DA:41,0
DA:42,0
DA:43,0
DA:44,0
DA:45,0
DA:46,0
DA:47,0
DA:48,0
DA:49,0
DA:50,0
DA:51,0
DA:52,0
DA:53,0
DA:54,0
DA:55,0
DA:56,0
DA:57,0
DA:58,0
LF:58
LH:0
BRDA:1,0,0,0
BRF:1
BRH:0
end_of_record
TN:
SF:src/utils/constants.ts
FNF:0
FNH:0
DA:1,1
DA:2,1
DA:3,1
DA:4,1
DA:5,1
DA:6,1
DA:7,1
DA:8,1
DA:9,1
DA:10,1
DA:11,1
DA:12,1
DA:13,15
DA:14,15
DA:15,15
DA:16,1
DA:17,1
DA:18,1
DA:19,1
DA:20,1
DA:21,1
DA:22,1
DA:23,1
DA:24,1
DA:25,1
DA:26,1
DA:27,15
DA:28,15
DA:29,15
DA:30,1
DA:31,1
DA:32,1
DA:33,1
DA:34,1
DA:35,1
DA:36,1
DA:37,1
LF:37
LH:37
BRDA:12,0,0,15
BRDA:26,1,0,15
BRF:2
BRH:2
end_of_record
